2026-06-02 13:55:34 [INFO] app: Logging configured
2026-06-02 13:58:50 [INFO] app: Logging configured
2026-06-02 14:00:22 [INFO] app: Logging configured
2026-06-02 14:00:29 [INFO] app: Logging configured
2026-06-02 14:00:37 [INFO] app: Logging configured
2026-06-02 14:00:51 [INFO] app: Logging configured
2026-06-02 14:00:59 [INFO] app: Logging configured
2026-06-02 14:01:37 [INFO] app: Logging configured
2026-06-02 14:01:46 [INFO] app: Logging configured
2026-06-02 14:02:01 [INFO] app: Logging configured
2026-06-02 14:02:09 [INFO] app: Logging configured
2026-06-02 14:02:27 [INFO] app: Logging configured
2026-06-02 14:02:56 [INFO] app: Logging configured
2026-06-02 14:05:29 [INFO] app: Logging configured
2026-06-02 14:05:38 [INFO] app: Logging configured
2026-06-02 14:06:15 [INFO] app: Logging configured
2026-06-02 14:06:22 [INFO] app: Logging configured
2026-06-02 14:06:31 [INFO] app: Logging configured
2026-06-02 14:06:50 [INFO] app: Logging configured
2026-06-02 14:06:50 [INFO] app.notifications: Email not configured, skipping send to rec1@example.com: Welcome to QuickBites!
2026-06-02 14:06:50 [INFO] app.middleware: POST /api/v1/auth/register 201 100.34ms
2026-06-02 14:06:50 [INFO] httpx: HTTP Request: POST http://testserver/api/v1/auth/register "HTTP/1.1 201 Created"
2026-06-02 14:06:50 [INFO] app.middleware: POST /api/v1/auth/login 200 62.90ms
2026-06-02 14:06:50 [INFO] httpx: HTTP Request: POST http://testserver/api/v1/auth/login "HTTP/1.1 200 OK"
2026-06-02 14:06:51 [INFO] app.middleware: GET /api/v1/recommendations 401 1.00ms
2026-06-02 14:06:51 [WARNING] app.monitoring: request_error /api/v1/recommendations -> 401 | Client or server error
2026-06-02 14:06:51 [INFO] httpx: HTTP Request: GET http://testserver/api/v1/recommendations "HTTP/1.1 401 Unauthorized"
2026-06-02 14:07:04 [INFO] app: Logging configured
2026-06-02 14:07:14 [INFO] app: Logging configured
2026-06-02 14:07:14 [INFO] app.notifications: Email not configured, skipping send to rec1@example.com: Welcome to QuickBites!
2026-06-02 14:07:14 [INFO] app.middleware: POST /api/v1/auth/register 201 75.31ms
2026-06-02 14:07:14 [INFO] httpx: HTTP Request: POST http://testserver/api/v1/auth/register "HTTP/1.1 201 Created"
2026-06-02 14:07:15 [INFO] app.middleware: POST /api/v1/auth/login 200 43.73ms
2026-06-02 14:07:15 [INFO] httpx: HTTP Request: POST http://testserver/api/v1/auth/login "HTTP/1.1 200 OK"
2026-06-02 14:07:15 [INFO] app.middleware: GET /api/v1/recommendations 401 0.00ms
2026-06-02 14:07:15 [WARNING] app.monitoring: request_error /api/v1/recommendations -> 401 | Client or server error
2026-06-02 14:07:15 [INFO] httpx: HTTP Request: GET http://testserver/api/v1/recommendations "HTTP/1.1 401 Unauthorized"
2026-06-02 14:07:28 [INFO] app: Logging configured
2026-06-02 14:08:17 [INFO] app: Logging configured
2026-06-02 14:08:17 [INFO] app.notifications: Email not configured, skipping send to rec1@example.com: Welcome to QuickBites!
2026-06-02 14:08:17 [INFO] app.middleware: POST /api/v1/auth/register 201 105.51ms
2026-06-02 14:08:17 [INFO] httpx: HTTP Request: POST http://testserver/api/v1/auth/register "HTTP/1.1 201 Created"
2026-06-02 14:08:17 [INFO] app.middleware: POST /api/v1/auth/login 200 64.34ms
2026-06-02 14:08:17 [INFO] httpx: HTTP Request: POST http://testserver/api/v1/auth/login "HTTP/1.1 200 OK"
2026-06-02 14:08:17 [INFO] app.middleware: GET /api/v1/recommendations 200 16.82ms
2026-06-02 14:08:17 [INFO] httpx: HTTP Request: GET http://testserver/api/v1/recommendations "HTTP/1.1 200 OK"
2026-06-02 14:08:17 [INFO] app.middleware: GET /api/v1/recommendations 401 2.00ms
2026-06-02 14:08:17 [WARNING] app.monitoring: request_error /api/v1/recommendations -> 401 | Client or server error
2026-06-02 14:08:17 [INFO] httpx: HTTP Request: GET http://testserver/api/v1/recommendations "HTTP/1.1 401 Unauthorized"
2026-06-02 14:09:19 [INFO] app: Logging configured
2026-06-02 14:18:37 [INFO] app: Logging configured
2026-06-02 14:20:20 [INFO] app: Logging configured
2026-06-02 14:20:50 [INFO] app: Logging configured
2026-06-02 14:21:17 [INFO] app: Logging configured
2026-06-02 14:22:59 [INFO] app: Logging configured
2026-06-02 14:36:53 [INFO] app: Logging configured
2026-06-02 14:37:48 [INFO] app: Logging configured
2026-06-02 14:40:04 [INFO] app: Logging configured
2026-06-02 14:40:06 [INFO] app: Logging configured
2026-06-02 14:40:50 [INFO] app.middleware: OPTIONS /api/v1/auth/login 200 0.00ms
2026-06-02 14:46:57 [INFO] watchfiles.main: 1 change detected
2026-06-02 14:47:00 [INFO] watchfiles.main: 1 change detected
2026-06-02 14:47:02 [INFO] watchfiles.main: 5 changes detected
2026-06-02 14:47:04 [INFO] app: Logging configured
2026-06-02 14:49:17 [INFO] watchfiles.main: 5 changes detected
2026-06-02 14:50:08 [INFO] watchfiles.main: 5 changes detected
2026-06-02 14:51:02 [INFO] watchfiles.main: 1 change detected
2026-06-02 14:51:04 [INFO] watchfiles.main: 2 changes detected
2026-06-02 14:51:07 [INFO] app: Logging configured
2026-06-02 14:51:29 [INFO] watchfiles.main: 5 changes detected
2026-06-02 15:01:43 [INFO] watchfiles.main: 1 change detected
2026-06-02 15:01:46 [INFO] watchfiles.main: 2 changes detected
2026-06-02 15:02:07 [INFO] watchfiles.main: 1 change detected
2026-06-02 15:02:07 [INFO] watchfiles.main: 1 change detected
2026-06-02 15:02:25 [INFO] watchfiles.main: 1 change detected
2026-06-02 15:02:25 [INFO] watchfiles.main: 1 change detected
2026-06-02 15:02:47 [INFO] watchfiles.main: 1 change detected
2026-06-02 15:02:47 [INFO] watchfiles.main: 1 change detected
2026-06-02 15:02:59 [INFO] watchfiles.main: 1 change detected
2026-06-02 15:02:59 [INFO] watchfiles.main: 1 change detected
2026-06-02 15:03:53 [INFO] watchfiles.main: 1 change detected
2026-06-02 15:03:54 [INFO] watchfiles.main: 5 changes detected
2026-06-02 15:04:58 [INFO] watchfiles.main: 1 change detected
2026-06-02 15:04:59 [INFO] watchfiles.main: 5 changes detected
2026-06-02 15:05:01 [INFO] app: Logging configured
2026-06-02 15:11:01 [INFO] watchfiles.main: 1 change detected
2026-06-02 15:11:02 [INFO] watchfiles.main: 1 change detected
2026-06-02 15:11:02 [INFO] watchfiles.main: 1 change detected
2026-06-02 15:11:03 [INFO] watchfiles.main: 1 change detected
2026-06-02 15:11:03 [INFO] watchfiles.main: 1 change detected
2026-06-02 15:11:03 [INFO] watchfiles.main: 1 change detected
2026-06-02 15:11:04 [INFO] watchfiles.main: 1 change detected
2026-06-02 15:11:04 [INFO] watchfiles.main: 1 change detected
2026-06-02 15:11:04 [INFO] watchfiles.main: 1 change detected
2026-06-02 15:11:05 [INFO] watchfiles.main: 1 change detected
2026-06-02 15:11:05 [INFO] watchfiles.main: 1 change detected
2026-06-02 15:11:06 [INFO] watchfiles.main: 1 change detected
2026-06-02 15:11:06 [INFO] watchfiles.main: 1 change detected
2026-06-02 15:11:07 [INFO] watchfiles.main: 1 change detected
2026-06-02 15:11:07 [INFO] watchfiles.main: 1 change detected
2026-06-02 15:11:07 [INFO] watchfiles.main: 1 change detected
2026-06-02 15:11:08 [INFO] watchfiles.main: 1 change detected
2026-06-02 15:11:08 [INFO] watchfiles.main: 1 change detected
2026-06-02 15:11:09 [INFO] watchfiles.main: 1 change detected
2026-06-02 15:11:09 [INFO] watchfiles.main: 1 change detected
2026-06-02 15:11:09 [INFO] watchfiles.main: 1 change detected
2026-06-02 15:11:10 [INFO] watchfiles.main: 1 change detected
2026-06-02 15:11:10 [INFO] watchfiles.main: 1 change detected
2026-06-02 15:11:11 [INFO] watchfiles.main: 1 change detected
2026-06-02 15:11:11 [INFO] watchfiles.main: 1 change detected
2026-06-02 15:11:11 [INFO] watchfiles.main: 1 change detected
2026-06-02 15:11:12 [INFO] watchfiles.main: 1 change detected
2026-06-02 15:11:12 [INFO] watchfiles.main: 1 change detected
2026-06-02 15:11:13 [INFO] watchfiles.main: 1 change detected
2026-06-02 15:11:13 [INFO] watchfiles.main: 1 change detected
2026-06-02 15:11:13 [INFO] watchfiles.main: 1 change detected
2026-06-02 15:11:14 [INFO] watchfiles.main: 1 change detected
2026-06-02 15:11:14 [INFO] watchfiles.main: 1 change detected
2026-06-02 15:11:15 [INFO] watchfiles.main: 1 change detected
2026-06-02 15:11:15 [INFO] watchfiles.main: 1 change detected
2026-06-02 15:11:15 [INFO] watchfiles.main: 1 change detected
2026-06-02 15:11:16 [INFO] watchfiles.main: 1 change detected
2026-06-02 15:11:16 [INFO] watchfiles.main: 1 change detected
2026-06-02 15:11:17 [INFO] watchfiles.main: 1 change detected
2026-06-02 15:11:17 [INFO] watchfiles.main: 1 change detected
2026-06-02 15:11:17 [INFO] watchfiles.main: 1 change detected
2026-06-02 15:11:18 [INFO] watchfiles.main: 1 change detected
2026-06-02 15:11:18 [INFO] watchfiles.main: 1 change detected
2026-06-02 15:11:19 [INFO] watchfiles.main: 1 change detected
2026-06-02 15:11:19 [INFO] watchfiles.main: 1 change detected
2026-06-02 15:11:19 [INFO] watchfiles.main: 1 change detected
2026-06-02 15:11:20 [INFO] watchfiles.main: 1 change detected
2026-06-02 15:11:20 [INFO] watchfiles.main: 1 change detected
2026-06-02 15:11:21 [INFO] watchfiles.main: 1 change detected
2026-06-02 15:11:21 [INFO] watchfiles.main: 1 change detected
2026-06-02 15:11:21 [INFO] watchfiles.main: 1 change detected
2026-06-02 15:11:22 [INFO] watchfiles.main: 1 change detected
2026-06-02 15:11:22 [INFO] watchfiles.main: 1 change detected
2026-06-02 15:11:23 [INFO] watchfiles.main: 1 change detected
2026-06-02 15:11:23 [INFO] watchfiles.main: 1 change detected
2026-06-02 15:11:23 [INFO] watchfiles.main: 1 change detected
2026-06-02 15:11:24 [INFO] watchfiles.main: 1 change detected
2026-06-02 15:11:24 [INFO] watchfiles.main: 1 change detected
2026-06-02 15:11:25 [INFO] watchfiles.main: 1 change detected
2026-06-02 15:11:25 [INFO] watchfiles.main: 1 change detected
2026-06-02 15:11:25 [INFO] watchfiles.main: 1 change detected
2026-06-02 15:11:26 [INFO] watchfiles.main: 1 change detected
2026-06-02 15:11:26 [INFO] watchfiles.main: 1 change detected
2026-06-02 15:11:27 [INFO] watchfiles.main: 1 change detected
2026-06-02 15:11:27 [INFO] watchfiles.main: 1 change detected
2026-06-02 15:11:28 [INFO] watchfiles.main: 1 change detected
2026-06-02 15:11:28 [INFO] watchfiles.main: 1 change detected
2026-06-02 15:11:28 [INFO] watchfiles.main: 1 change detected
2026-06-02 15:11:29 [INFO] watchfiles.main: 1 change detected
2026-06-02 15:11:29 [INFO] watchfiles.main: 1 change detected
2026-06-02 15:11:30 [INFO] watchfiles.main: 1 change detected
2026-06-02 15:11:30 [INFO] watchfiles.main: 1 change detected
2026-06-02 15:11:30 [INFO] watchfiles.main: 1 change detected
2026-06-02 15:11:31 [INFO] watchfiles.main: 1 change detected
2026-06-02 15:11:31 [INFO] watchfiles.main: 1 change detected
2026-06-02 15:11:32 [INFO] watchfiles.main: 1 change detected
2026-06-02 15:11:32 [INFO] watchfiles.main: 1 change detected
2026-06-02 15:11:32 [INFO] watchfiles.main: 1 change detected
2026-06-02 15:11:33 [INFO] watchfiles.main: 1 change detected
2026-06-02 15:11:33 [INFO] watchfiles.main: 1 change detected
2026-06-02 15:11:34 [INFO] watchfiles.main: 1 change detected
2026-06-02 15:11:34 [INFO] watchfiles.main: 1 change detected
2026-06-02 15:11:34 [INFO] watchfiles.main: 1 change detected
2026-06-02 15:11:35 [INFO] watchfiles.main: 1 change detected
2026-06-02 15:11:35 [INFO] watchfiles.main: 1 change detected
2026-06-02 15:11:36 [INFO] watchfiles.main: 1 change detected
2026-06-02 15:11:36 [INFO] watchfiles.main: 1 change detected
2026-06-02 15:11:36 [INFO] watchfiles.main: 1 change detected
2026-06-02 15:11:37 [INFO] watchfiles.main: 1 change detected
2026-06-02 15:11:37 [INFO] watchfiles.main: 1 change detected
2026-06-02 15:11:38 [INFO] watchfiles.main: 1 change detected
2026-06-02 15:11:38 [INFO] watchfiles.main: 1 change detected
2026-06-02 15:11:38 [INFO] watchfiles.main: 1 change detected
2026-06-02 15:11:39 [INFO] watchfiles.main: 1 change detected
2026-06-02 15:11:39 [INFO] watchfiles.main: 1 change detected
2026-06-02 15:11:40 [INFO] watchfiles.main: 1 change detected
2026-06-02 15:11:40 [INFO] watchfiles.main: 1 change detected
2026-06-02 15:11:40 [INFO] watchfiles.main: 1 change detected
2026-06-02 15:11:41 [INFO] watchfiles.main: 1 change detected
2026-06-02 15:11:41 [INFO] watchfiles.main: 1 change detected
2026-06-02 15:11:42 [INFO] watchfiles.main: 1 change detected
2026-06-02 15:11:42 [INFO] watchfiles.main: 1 change detected
2026-06-02 15:11:42 [INFO] watchfiles.main: 1 change detected
2026-06-02 15:11:51 [INFO] app: Logging configured
2026-06-02 15:11:52 [INFO] app: Logging configured
2026-06-02 15:20:51 [INFO] app: Logging configured
2026-06-02 15:20:54 [INFO] app: Logging configured
2026-06-02 15:26:29 [INFO] app: Logging configured
2026-06-02 15:26:32 [INFO] app: Logging configured
2026-06-02 15:31:12 [INFO] app.middleware: OPTIONS /api/v1/auth/me 200 7.29ms
2026-06-02 15:31:12 [INFO] app.middleware: OPTIONS /api/v1/auth/me 200 23.71ms
2026-06-02 15:31:13 [INFO] app.middleware: GET /api/v1/auth/me 401 365.96ms
2026-06-02 15:31:13 [WARNING] app.monitoring: request_error /api/v1/auth/me -> 401 | Client or server error
2026-06-02 15:31:13 [INFO] app.middleware: GET /api/v1/auth/me 401 4.03ms
2026-06-02 15:31:13 [WARNING] app.monitoring: request_error /api/v1/auth/me -> 401 | Client or server error
2026-06-02 15:31:13 [INFO] app.middleware: OPTIONS /api/v1/auth/refresh 200 0.00ms
2026-06-02 15:31:13 [INFO] app.middleware: OPTIONS /api/v1/auth/refresh 200 0.00ms
2026-06-02 15:31:22 [INFO] app.middleware: POST /api/v1/auth/refresh 200 8878.90ms
2026-06-02 15:31:22 [INFO] app.middleware: POST /api/v1/auth/refresh 200 9045.33ms
2026-06-02 15:31:24 [INFO] app.middleware: GET /api/v1/auth/me 200 2104.13ms
2026-06-02 15:31:24 [INFO] app.middleware: OPTIONS /api/v1/cart/add 200 0.00ms
2026-06-02 15:31:25 [INFO] app.middleware: GET /api/v1/auth/me 200 812.54ms
2026-06-02 19:20:04 [INFO] app.middleware: OPTIONS /api/v1/auth/me 200 208.08ms
2026-06-02 19:20:04 [INFO] app.middleware: OPTIONS /api/v1/auth/me 200 69.60ms
2026-06-02 19:20:04 [INFO] app.middleware: GET /api/v1/auth/me 401 364.38ms
2026-06-02 19:20:04 [WARNING] app.monitoring: request_error /api/v1/auth/me -> 401 | Client or server error
2026-06-02 19:20:05 [INFO] app.middleware: OPTIONS /api/v1/auth/refresh 200 5.04ms
2026-06-02 19:20:05 [INFO] app.middleware: GET /api/v1/auth/me 401 107.50ms
2026-06-02 19:20:05 [WARNING] app.monitoring: request_error /api/v1/auth/me -> 401 | Client or server error
2026-06-02 19:20:07 [INFO] app.middleware: OPTIONS /api/v1/restaurants 200 0.00ms
2026-06-02 19:20:07 [INFO] app.middleware: OPTIONS /api/v1/restaurants 200 0.00ms
2026-06-02 19:20:10 [INFO] app.middleware: GET /api/v1/restaurants 200 2231.36ms
2026-06-02 19:20:11 [INFO] app.middleware: POST /api/v1/auth/refresh 200 6215.20ms
2026-06-02 19:20:11 [INFO] app.middleware: POST /api/v1/auth/refresh 200 6645.49ms
2026-06-02 19:20:12 [INFO] app.middleware: GET /api/v1/auth/me 200 820.75ms
2026-06-02 19:20:12 [INFO] app.middleware: OPTIONS /api/v1/cart/add 200 0.00ms
2026-06-02 19:20:13 [INFO] app.middleware: GET /api/v1/auth/me 200 789.38ms
2026-06-02 19:20:13 [INFO] app.middleware: GET /api/v1/restaurants 200 2982.39ms
2026-06-02 19:20:25 [INFO] app.middleware: GET /api/v1/restaurants 200 863.16ms
2026-06-02 19:20:26 [INFO] app.middleware: GET /api/v1/restaurants 200 753.97ms
2026-06-02 19:20:27 [INFO] app.middleware: OPTIONS /api/v1/restaurants/bc5b35b8-b158-4232-a61c-3e6ca4332674 200 0.00ms
2026-06-02 19:20:27 [INFO] app.middleware: OPTIONS /api/v1/restaurants/bc5b35b8-b158-4232-a61c-3e6ca4332674/menu 200 2.02ms
2026-06-02 19:20:28 [INFO] app.middleware: OPTIONS /api/v1/restaurants/bc5b35b8-b158-4232-a61c-3e6ca4332674 200 6.07ms
2026-06-02 19:20:28 [INFO] app.middleware: OPTIONS /api/v1/restaurants/bc5b35b8-b158-4232-a61c-3e6ca4332674/menu 200 0.00ms
2026-06-02 19:20:28 [INFO] app.middleware: GET /api/v1/restaurants/bc5b35b8-b158-4232-a61c-3e6ca4332674 200 889.77ms
2026-06-02 19:20:29 [INFO] app.middleware: GET /api/v1/restaurants/bc5b35b8-b158-4232-a61c-3e6ca4332674/menu 200 1141.67ms
2026-06-02 19:20:29 [INFO] app.middleware: GET /api/v1/restaurants/bc5b35b8-b158-4232-a61c-3e6ca4332674 200 804.08ms
2026-06-02 19:20:30 [INFO] app.middleware: GET /api/v1/restaurants/bc5b35b8-b158-4232-a61c-3e6ca4332674/menu 200 1122.87ms
2026-06-02 19:48:55 [INFO] app.middleware: OPTIONS /api/v1/auth/me 200 31.02ms
2026-06-02 19:48:55 [INFO] app.middleware: OPTIONS /api/v1/auth/me 200 72.05ms
2026-06-02 19:48:59 [INFO] app.middleware: GET /api/v1/auth/me 200 3602.03ms
2026-06-02 19:48:59 [INFO] app.middleware: OPTIONS /api/v1/cart/add 200 0.00ms
2026-06-02 19:49:01 [INFO] app.middleware: GET /api/v1/auth/me 200 2519.92ms
2026-06-02 23:36:47 [INFO] app.middleware: OPTIONS /api/v1/auth/me 200 29.99ms
2026-06-02 23:36:47 [INFO] app.middleware: OPTIONS /api/v1/auth/me 200 32.91ms
2026-06-02 23:36:47 [INFO] app.middleware: GET /api/v1/auth/me 401 53.52ms
2026-06-02 23:36:47 [WARNING] app.monitoring: request_error /api/v1/auth/me -> 401 | Client or server error
2026-06-02 23:36:47 [INFO] app.middleware: GET /api/v1/auth/me 401 0.00ms
2026-06-02 23:36:47 [WARNING] app.monitoring: request_error /api/v1/auth/me -> 401 | Client or server error
2026-06-02 23:36:47 [INFO] app.middleware: OPTIONS /api/v1/auth/refresh 200 0.00ms
2026-06-02 23:36:47 [INFO] app.middleware: OPTIONS /api/v1/auth/refresh 200 2.01ms
2026-06-02 23:36:56 [INFO] app.middleware: POST /api/v1/auth/refresh 200 8615.47ms
2026-06-02 23:36:57 [INFO] app.middleware: GET /api/v1/auth/me 200 806.42ms
2026-06-02 23:36:57 [INFO] app.middleware: OPTIONS /api/v1/cart/add 200 2.14ms
2026-06-02 23:36:57 [INFO] app.middleware: POST /api/v1/auth/refresh 200 9469.23ms
2026-06-02 23:36:58 [INFO] app.middleware: GET /api/v1/auth/me 200 918.36ms
2026-06-02 23:36:59 [INFO] app.middleware: GET /api/v1/auth/me 200 956.22ms
2026-06-02 23:37:00 [INFO] app.middleware: GET /api/v1/auth/me 200 1208.23ms
2026-06-02 23:37:03 [INFO] app.middleware: POST /api/v1/auth/login 200 2347.72ms
2026-06-02 23:37:04 [INFO] app.middleware: GET /api/v1/auth/me 200 900.73ms
2026-06-02 23:37:11 [INFO] app.middleware: OPTIONS /api/v1/restaurants 200 2.19ms
2026-06-02 23:37:11 [INFO] app.middleware: OPTIONS /api/v1/restaurants 200 4.20ms
2026-06-02 23:37:12 [INFO] app.middleware: GET /api/v1/restaurants 200 887.28ms
2026-06-02 23:37:13 [INFO] app.middleware: GET /api/v1/restaurants 200 903.00ms
2026-06-02 23:37:14 [INFO] app.middleware: OPTIONS /api/v1/restaurants/bc5b35b8-b158-4232-a61c-3e6ca4332674 200 2.01ms
2026-06-02 23:37:14 [INFO] app.middleware: OPTIONS /api/v1/restaurants/bc5b35b8-b158-4232-a61c-3e6ca4332674/menu 200 33.00ms
2026-06-02 23:37:14 [INFO] app.middleware: OPTIONS /api/v1/restaurants/bc5b35b8-b158-4232-a61c-3e6ca4332674 200 14.33ms
2026-06-02 23:37:14 [INFO] app.middleware: OPTIONS /api/v1/restaurants/bc5b35b8-b158-4232-a61c-3e6ca4332674/menu 200 17.68ms
2026-06-02 23:37:15 [INFO] app.middleware: GET /api/v1/restaurants/bc5b35b8-b158-4232-a61c-3e6ca4332674 200 1010.53ms
2026-06-02 23:37:15 [INFO] app.middleware: GET /api/v1/restaurants/bc5b35b8-b158-4232-a61c-3e6ca4332674/menu 200 1273.21ms
2026-06-02 23:37:16 [INFO] app.middleware: GET /api/v1/restaurants/bc5b35b8-b158-4232-a61c-3e6ca4332674 200 908.66ms
2026-06-02 23:37:16 [INFO] app.middleware: GET /api/v1/restaurants/bc5b35b8-b158-4232-a61c-3e6ca4332674/menu 200 1218.55ms
2026-06-02 23:37:45 [INFO] app: Logging configured
2026-06-02 23:37:47 [INFO] app: Logging configured
2026-06-02 23:37:56 [INFO] app.middleware: GET /api/v1/restaurants/bc5b35b8-b158-4232-a61c-3e6ca4332674 200 4956.06ms
2026-06-02 23:37:56 [INFO] app.middleware: GET /api/v1/auth/me 200 4964.80ms
2026-06-02 23:37:57 [INFO] app.middleware: GET /api/v1/restaurants/bc5b35b8-b158-4232-a61c-3e6ca4332674/menu 200 5969.53ms
2026-06-02 23:37:59 [INFO] app.middleware: GET /api/v1/restaurants/bc5b35b8-b158-4232-a61c-3e6ca4332674/menu 200 1222.31ms
2026-06-02 23:37:59 [INFO] app.middleware: GET /api/v1/restaurants/bc5b35b8-b158-4232-a61c-3e6ca4332674 200 2445.58ms
2026-06-02 23:37:59 [INFO] app.middleware: GET /api/v1/auth/me 200 2430.93ms
2026-06-02 23:38:00 [INFO] app.middleware: GET /api/v1/restaurants 200 743.38ms
2026-06-02 23:38:01 [INFO] app.middleware: GET /api/v1/restaurants 200 878.81ms
2026-06-02 23:38:03 [INFO] app.middleware: GET /api/v1/restaurants/bc5b35b8-b158-4232-a61c-3e6ca4332674 200 836.29ms
2026-06-02 23:38:03 [INFO] app.middleware: GET /api/v1/restaurants/bc5b35b8-b158-4232-a61c-3e6ca4332674/menu 200 1149.49ms
2026-06-02 23:38:04 [INFO] app.middleware: GET /api/v1/restaurants/bc5b35b8-b158-4232-a61c-3e6ca4332674 200 916.94ms
2026-06-02 23:38:04 [INFO] app.middleware: GET /api/v1/restaurants/bc5b35b8-b158-4232-a61c-3e6ca4332674/menu 200 1150.28ms
2026-06-02 23:47:21 [INFO] app.middleware: OPTIONS /api/v1/auth/me 200 81.48ms
2026-06-02 23:47:21 [INFO] app.middleware: OPTIONS /api/v1/restaurants/bc5b35b8-b158-4232-a61c-3e6ca4332674 200 74.69ms
2026-06-02 23:47:21 [INFO] app.middleware: OPTIONS /api/v1/restaurants/bc5b35b8-b158-4232-a61c-3e6ca4332674/menu 200 82.89ms
2026-06-02 23:47:21 [INFO] app.middleware: OPTIONS /api/v1/auth/me 200 100.88ms
2026-06-02 23:47:25 [INFO] app.middleware: GET /api/v1/restaurants/bc5b35b8-b158-4232-a61c-3e6ca4332674 200 3349.41ms
2026-06-02 23:47:25 [INFO] app.middleware: GET /api/v1/auth/me 200 3451.06ms
2026-06-02 23:47:25 [INFO] app.middleware: OPTIONS /api/v1/cart/add 200 0.00ms
2026-06-02 23:47:25 [INFO] app.middleware: GET /api/v1/restaurants/bc5b35b8-b158-4232-a61c-3e6ca4332674/menu 200 4028.61ms
2026-06-02 23:47:26 [INFO] app.middleware: GET /api/v1/restaurants/bc5b35b8-b158-4232-a61c-3e6ca4332674/menu 200 1129.80ms
2026-06-02 23:47:27 [INFO] app.middleware: GET /api/v1/restaurants/bc5b35b8-b158-4232-a61c-3e6ca4332674 200 2412.40ms
2026-06-02 23:47:27 [INFO] app.middleware: GET /api/v1/auth/me 200 2390.29ms
2026-06-02 23:47:29 [INFO] app.middleware: GET /api/v1/auth/me 200 720.39ms
2026-06-02 23:47:30 [INFO] app.middleware: GET /api/v1/auth/me 200 869.46ms
2026-06-02 23:47:30 [INFO] app.middleware: GET /api/v1/auth/me 200 802.44ms
2026-06-02 23:47:30 [INFO] app.middleware: GET /api/v1/auth/me 200 940.34ms
2026-06-02 23:47:31 [INFO] app.middleware: GET /api/v1/auth/me 200 918.44ms
2026-06-02 23:47:35 [INFO] app.middleware: OPTIONS /api/v1/restaurants 200 1.00ms
2026-06-02 23:47:35 [INFO] app.middleware: OPTIONS /api/v1/restaurants 200 0.00ms
2026-06-02 23:47:36 [INFO] app.middleware: GET /api/v1/restaurants 200 945.00ms
2026-06-02 23:47:37 [INFO] app.middleware: GET /api/v1/restaurants 200 902.86ms
2026-06-02 23:47:51 [INFO] app: Logging configured
2026-06-02 23:47:54 [INFO] app: Logging configured
2026-06-02 23:48:00 [INFO] app.middleware: GET /api/v1/auth/me 200 5257.02ms
2026-06-02 23:48:01 [INFO] app.middleware: GET /api/v1/auth/me 200 2368.05ms
2026-06-02 23:48:01 [INFO] app.middleware: GET /api/v1/auth/me 200 815.73ms
2026-06-02 23:48:05 [INFO] app.middleware: OPTIONS /api/v1/auth/logout 200 0.00ms
2026-06-02 23:48:08 [INFO] app.middleware: POST /api/v1/auth/logout 200 2369.69ms
2026-06-02 23:56:00 [INFO] app.middleware: OPTIONS /api/v1/auth/register 200 8.06ms
2026-06-02 23:56:07 [INFO] app.notifications: Email not configured, skipping send to own@gmail.com: Welcome to QuickBites!
2026-06-02 23:56:07 [INFO] app.middleware: POST /api/v1/auth/register 201 6367.27ms
2026-06-02 23:56:17 [INFO] app.middleware: GET /api/v1/restaurants 200 2584.58ms
2026-06-02 23:56:18 [INFO] app.middleware: GET /api/v1/restaurants 200 839.76ms
2026-06-02 23:56:19 [INFO] app.middleware: GET /api/v1/restaurants/c9eff672-a305-42e5-9d38-7a4d259c011a 200 927.97ms
2026-06-02 23:56:20 [INFO] app.middleware: GET /api/v1/restaurants/c9eff672-a305-42e5-9d38-7a4d259c011a/menu 200 1230.33ms
2026-06-02 23:56:20 [INFO] app.middleware: GET /api/v1/restaurants/c9eff672-a305-42e5-9d38-7a4d259c011a 200 914.73ms
2026-06-02 23:56:21 [INFO] app.middleware: GET /api/v1/restaurants/c9eff672-a305-42e5-9d38-7a4d259c011a/menu 200 1145.65ms
2026-06-02 23:56:31 [INFO] app.middleware: GET /api/v1/restaurants 200 827.95ms
2026-06-02 23:56:32 [INFO] app.middleware: GET /api/v1/restaurants 200 858.71ms
2026-06-02 23:57:06 [INFO] app.middleware: POST /api/v1/auth/login 200 2414.38ms
2026-06-02 23:57:07 [INFO] app.middleware: GET /api/v1/auth/me 200 901.79ms
2026-06-02 23:57:12 [INFO] app.middleware: OPTIONS /api/v1/restaurants/owner/dashboard 200 28.09ms
2026-06-02 23:57:12 [INFO] app.middleware: OPTIONS /api/v1/restaurants/owner/dashboard 200 0.00ms
2026-06-02 23:57:14 [INFO] app.middleware: GET /api/v1/restaurants/owner/dashboard 200 1143.15ms
2026-06-02 23:57:15 [INFO] app.middleware: GET /api/v1/restaurants/owner/dashboard 200 1180.62ms
2026-06-02 23:57:21 [INFO] app.middleware: GET /api/v1/restaurants 200 812.12ms
2026-06-02 23:57:22 [INFO] app.middleware: GET /api/v1/restaurants 200 909.81ms
2026-06-02 23:57:26 [INFO] app.middleware: GET /api/v1/restaurants/owner/dashboard 200 1238.60ms
2026-06-02 23:57:27 [INFO] app.middleware: GET /api/v1/restaurants/owner/dashboard 200 1017.56ms
2026-06-02 23:57:28 [INFO] app.middleware: GET /api/v1/restaurants 200 922.30ms
2026-06-02 23:57:29 [INFO] app.middleware: GET /api/v1/restaurants 200 915.93ms
2026-06-02 23:57:32 [INFO] app.middleware: GET /api/v1/restaurants/owner/dashboard 200 1249.44ms
2026-06-02 23:57:33 [INFO] app.middleware: GET /api/v1/restaurants/owner/dashboard 200 1031.43ms
2026-06-02 23:57:36 [INFO] app.middleware: GET /api/v1/restaurants/owner/dashboard 200 1152.18ms
2026-06-02 23:57:37 [INFO] app.middleware: GET /api/v1/restaurants/owner/dashboard 200 1189.21ms
2026-06-02 23:57:38 [INFO] app.middleware: OPTIONS /api/v1/restaurants 200 0.00ms
2026-06-02 23:57:38 [INFO] app.middleware: OPTIONS /api/v1/restaurants 200 1.08ms
2026-06-02 23:57:39 [INFO] app.middleware: GET /api/v1/restaurants 200 934.65ms
2026-06-02 23:57:40 [INFO] app.middleware: GET /api/v1/restaurants 200 939.16ms
2026-06-03 00:04:35 [INFO] app.middleware: OPTIONS /api/v1/auth/me 200 0.00ms
2026-06-03 00:04:35 [INFO] app.middleware: OPTIONS /api/v1/auth/me 200 16.18ms
2026-06-03 00:04:39 [INFO] app.middleware: GET /api/v1/auth/me 200 3270.86ms
2026-06-03 00:04:39 [INFO] app.middleware: OPTIONS /api/v1/cart/add 200 0.00ms
2026-06-03 00:04:41 [INFO] app.middleware: GET /api/v1/auth/me 200 2428.85ms
2026-06-03 00:04:54 [INFO] app.middleware: POST /api/v1/auth/login 200 2384.38ms
2026-06-03 00:04:55 [INFO] app.middleware: GET /api/v1/auth/me 200 799.05ms
2026-06-03 00:05:00 [INFO] app.middleware: GET /api/v1/restaurants/owner/dashboard 200 1220.24ms
2026-06-03 00:05:01 [INFO] app.middleware: GET /api/v1/restaurants/owner/dashboard 200 1062.83ms
2026-06-03 00:05:04 [INFO] app.middleware: GET /api/v1/restaurants 200 839.21ms
2026-06-03 00:05:05 [INFO] app.middleware: GET /api/v1/restaurants 200 804.22ms
2026-06-03 00:25:27 [INFO] app.middleware: OPTIONS /api/v1/auth/me 200 144.69ms
2026-06-03 00:25:27 [INFO] app.middleware: OPTIONS /api/v1/restaurants 200 156.12ms
2026-06-03 00:25:27 [INFO] app.middleware: OPTIONS /api/v1/auth/me 200 127.62ms
2026-06-03 00:25:30 [INFO] app.middleware: GET /api/v1/restaurants 200 3621.73ms
2026-06-03 00:25:31 [INFO] app.middleware: GET /api/v1/auth/me 200 3648.05ms
2026-06-03 00:25:31 [INFO] app.middleware: OPTIONS /api/v1/cart/add 200 5.36ms
2026-06-03 00:25:33 [INFO] app.middleware: GET /api/v1/restaurants 200 2216.92ms
2026-06-03 00:25:33 [INFO] app.middleware: GET /api/v1/auth/me 200 2235.64ms
2026-06-03 06:16:24 [INFO] app.middleware: OPTIONS /api/v1/auth/me 200 102.08ms
2026-06-03 06:16:24 [INFO] app.middleware: OPTIONS /api/v1/auth/me 200 166.65ms
2026-06-03 06:16:25 [INFO] app.middleware: GET /api/v1/auth/me 401 205.39ms
2026-06-03 06:16:25 [WARNING] app.monitoring: request_error /api/v1/auth/me -> 401 | Client or server error
2026-06-03 06:16:25 [INFO] app.middleware: OPTIONS /api/v1/auth/refresh 200 5.48ms
2026-06-03 06:16:25 [INFO] app.middleware: GET /api/v1/auth/me 401 19.86ms
2026-06-03 06:16:25 [WARNING] app.monitoring: request_error /api/v1/auth/me -> 401 | Client or server error
2026-06-03 06:16:30 [INFO] app.middleware: GET /api/v1/auth/me 401 9.09ms
2026-06-03 06:16:30 [WARNING] app.monitoring: request_error /api/v1/auth/me -> 401 | Client or server error
2026-06-03 06:16:30 [INFO] app.middleware: GET /api/v1/auth/me 401 0.00ms
2026-06-03 06:16:30 [WARNING] app.monitoring: request_error /api/v1/auth/me -> 401 | Client or server error
2026-06-03 06:16:31 [INFO] app.middleware: POST /api/v1/auth/refresh 401 1238.93ms
2026-06-03 06:16:31 [WARNING] app.monitoring: request_error /api/v1/auth/refresh -> 401 | Client or server error
2026-06-03 06:16:32 [INFO] app.middleware: POST /api/v1/auth/refresh 401 1228.24ms
2026-06-03 06:16:32 [WARNING] app.monitoring: request_error /api/v1/auth/refresh -> 401 | Client or server error
2026-06-03 06:16:34 [INFO] app.middleware: POST /api/v1/auth/refresh 200 8814.96ms
2026-06-03 06:16:34 [INFO] app.middleware: POST /api/v1/auth/refresh 200 8902.33ms
2026-06-03 06:17:17 [INFO] app.middleware: OPTIONS /api/v1/auth/register 200 0.00ms
2026-06-03 06:17:20 [INFO] app.notifications: Email not configured, skipping send to delivery@gmail.com: Welcome to QuickBites!
2026-06-03 06:17:20 [INFO] app.middleware: POST /api/v1/auth/register 201 3020.45ms
2026-06-03 06:17:50 [INFO] app.middleware: GET /api/v1/restaurants 200 1123.77ms
2026-06-03 06:17:51 [INFO] app.middleware: GET /api/v1/restaurants 200 1007.49ms
2026-06-03 06:18:03 [INFO] app.middleware: GET /api/v1/restaurants/c9eff672-a305-42e5-9d38-7a4d259c011a 200 1628.97ms
2026-06-03 06:18:04 [INFO] app.middleware: GET /api/v1/restaurants/c9eff672-a305-42e5-9d38-7a4d259c011a/menu 200 1972.40ms
2026-06-03 06:18:04 [INFO] app.middleware: GET /api/v1/restaurants/c9eff672-a305-42e5-9d38-7a4d259c011a 200 880.77ms
2026-06-03 06:18:05 [INFO] app.middleware: GET /api/v1/restaurants/c9eff672-a305-42e5-9d38-7a4d259c011a/menu 200 1198.80ms
2026-06-03 06:22:02 [INFO] app.middleware: GET /api/v1/restaurants/c9eff672-a305-42e5-9d38-7a4d259c011a 200 1010.76ms
2026-06-03 06:22:02 [INFO] app.middleware: GET /api/v1/restaurants/c9eff672-a305-42e5-9d38-7a4d259c011a/menu 200 1289.31ms
2026-06-03 06:22:34 [INFO] app.middleware: GET /api/v1/restaurants 200 1591.67ms
2026-06-03 06:22:35 [INFO] app.middleware: GET /api/v1/restaurants 200 997.07ms
2026-06-03 06:53:45 [INFO] watchfiles.main: 1 change detected
2026-06-03 06:53:49 [INFO] watchfiles.main: 1 change detected
2026-06-03 06:53:51 [INFO] watchfiles.main: 5 changes detected
2026-06-03 06:54:17 [INFO] watchfiles.main: 1 change detected
2026-06-03 06:54:19 [INFO] watchfiles.main: 5 changes detected
2026-06-03 06:54:20 [INFO] app: Logging configured
2026-06-03 06:55:08 [INFO] watchfiles.main: 1 change detected
2026-06-03 06:55:10 [INFO] watchfiles.main: 1 change detected
2026-06-03 06:55:11 [INFO] watchfiles.main: 5 changes detected
2026-06-03 06:55:12 [INFO] app: Logging configured
2026-06-03 06:55:33 [INFO] watchfiles.main: 1 change detected
2026-06-03 06:55:34 [INFO] watchfiles.main: 1 change detected
2026-06-03 06:55:36 [INFO] watchfiles.main: 5 changes detected
2026-06-03 06:55:36 [INFO] app: Logging configured
2026-06-03 06:56:47 [INFO] watchfiles.main: 1 change detected
2026-06-03 06:56:50 [INFO] watchfiles.main: 2 changes detected
2026-06-03 06:56:51 [INFO] app: Logging configured
2026-06-03 10:22:41 [INFO] watchfiles.main: 1 change detected
2026-06-03 10:22:44 [INFO] watchfiles.main: 1 change detected
2026-06-03 10:22:45 [INFO] watchfiles.main: 5 changes detected
2026-06-03 10:22:46 [INFO] watchfiles.main: 4 changes detected
2026-06-03 10:22:46 [INFO] app: Logging configured
2026-06-03 10:23:33 [INFO] watchfiles.main: 1 change detected
2026-06-03 10:23:36 [INFO] watchfiles.main: 1 change detected
2026-06-03 10:23:37 [INFO] watchfiles.main: 5 changes detected
2026-06-03 10:23:38 [INFO] app: Logging configured
2026-06-03 10:41:59 [INFO] watchfiles.main: 1 change detected
2026-06-03 10:42:02 [INFO] watchfiles.main: 1 change detected
2026-06-03 10:42:03 [INFO] watchfiles.main: 5 changes detected
2026-06-03 10:42:03 [INFO] app: Logging configured
2026-06-03 10:42:22 [INFO] watchfiles.main: 1 change detected
2026-06-03 10:42:24 [INFO] watchfiles.main: 1 change detected
2026-06-03 10:42:25 [INFO] watchfiles.main: 5 changes detected
2026-06-03 10:42:25 [INFO] app: Logging configured
2026-06-03 10:42:33 [INFO] watchfiles.main: 1 change detected
2026-06-03 10:42:35 [INFO] watchfiles.main: 1 change detected
2026-06-03 10:42:36 [INFO] watchfiles.main: 5 changes detected
2026-06-03 10:42:36 [INFO] app: Logging configured
2026-06-03 10:42:44 [INFO] watchfiles.main: 1 change detected
2026-06-03 10:42:45 [INFO] watchfiles.main: 2 changes detected
2026-06-03 10:42:46 [INFO] app: Logging configured
2026-06-03 10:47:04 [INFO] watchfiles.main: 1 change detected
2026-06-03 10:47:06 [INFO] watchfiles.main: 3 changes detected
2026-06-03 10:47:08 [INFO] app: Logging configured
2026-06-03 10:47:13 [INFO] watchfiles.main: 1 change detected
2026-06-03 10:47:15 [INFO] watchfiles.main: 2 changes detected
2026-06-03 10:47:16 [INFO] app: Logging configured
2026-06-03 10:47:20 [INFO] watchfiles.main: 1 change detected
2026-06-03 10:47:22 [INFO] watchfiles.main: 1 change detected
2026-06-03 10:47:23 [INFO] watchfiles.main: 5 changes detected
2026-06-03 10:47:24 [INFO] app: Logging configured
2026-06-03 10:47:30 [INFO] watchfiles.main: 1 change detected
2026-06-03 10:47:32 [INFO] watchfiles.main: 1 change detected
2026-06-03 10:47:35 [INFO] watchfiles.main: 5 changes detected
2026-06-03 10:47:36 [INFO] watchfiles.main: 7 changes detected
2026-06-03 10:47:37 [INFO] app: Logging configured
2026-06-03 10:47:43 [INFO] watchfiles.main: 1 change detected
2026-06-03 10:47:44 [INFO] watchfiles.main: 2 changes detected
2026-06-03 10:47:47 [INFO] app: Logging configured
2026-06-03 10:49:51 [INFO] app: Logging configured
2026-06-03 10:49:53 [INFO] app: Logging configured
2026-06-03 10:52:02 [INFO] watchfiles.main: 5 changes detected
2026-06-03 10:52:03 [INFO] watchfiles.main: 5 changes detected
2026-06-03 10:52:03 [INFO] watchfiles.main: 5 changes detected
2026-06-03 10:52:04 [INFO] watchfiles.main: 5 changes detected
2026-06-03 10:52:04 [INFO] watchfiles.main: 5 changes detected
2026-06-03 10:52:05 [INFO] watchfiles.main: 5 changes detected
2026-06-03 10:52:06 [INFO] watchfiles.main: 5 changes detected
2026-06-03 10:52:07 [INFO] watchfiles.main: 5 changes detected
2026-06-03 10:52:08 [INFO] watchfiles.main: 5 changes detected
2026-06-03 10:52:09 [INFO] watchfiles.main: 5 changes detected
2026-06-03 10:52:09 [INFO] watchfiles.main: 5 changes detected
2026-06-03 10:52:10 [INFO] watchfiles.main: 5 changes detected
2026-06-03 11:04:21 [INFO] watchfiles.main: 1 change detected
2026-06-03 11:04:23 [INFO] watchfiles.main: 2 changes detected
2026-06-03 11:04:24 [INFO] app: Logging configured
2026-06-03 11:04:27 [INFO] watchfiles.main: 1 change detected
2026-06-03 11:04:28 [INFO] watchfiles.main: 2 changes detected
2026-06-03 11:04:29 [INFO] app: Logging configured
2026-06-03 11:04:38 [INFO] watchfiles.main: 1 change detected
2026-06-03 11:04:40 [INFO] watchfiles.main: 1 change detected
2026-06-03 11:04:41 [INFO] watchfiles.main: 12 changes detected
2026-06-03 11:04:54 [INFO] watchfiles.main: 1 change detected
2026-06-03 11:04:55 [INFO] watchfiles.main: 5 changes detected
2026-06-03 11:04:58 [INFO] watchfiles.main: 2 changes detected
2026-06-03 11:05:00 [INFO] watchfiles.main: 4 changes detected
2026-06-03 11:05:02 [INFO] watchfiles.main: 1 change detected
2026-06-03 11:05:02 [INFO] watchfiles.main: 1 change detected
2026-06-03 11:05:04 [INFO] watchfiles.main: 4 changes detected
2026-06-03 11:05:04 [INFO] app: Logging configured
2026-06-03 11:05:13 [INFO] watchfiles.main: 1 change detected
2026-06-03 11:05:14 [INFO] watchfiles.main: 1 change detected
2026-06-03 11:05:15 [INFO] watchfiles.main: 5 changes detected
2026-06-03 11:05:16 [INFO] app: Logging configured
2026-06-03 11:06:11 [INFO] watchfiles.main: 9 changes detected
2026-06-03 11:06:16 [INFO] watchfiles.main: 5 changes detected
2026-06-03 11:10:49 [INFO] watchfiles.main: 1 change detected
2026-06-03 11:10:50 [INFO] watchfiles.main: 1 change detected
2026-06-03 11:10:51 [INFO] watchfiles.main: 5 changes detected
2026-06-03 11:10:52 [INFO] app: Logging configured
2026-06-03 11:10:56 [INFO] watchfiles.main: 1 change detected
2026-06-03 11:10:58 [INFO] watchfiles.main: 1 change detected
2026-06-03 11:10:59 [INFO] watchfiles.main: 5 changes detected
2026-06-03 11:10:59 [INFO] app: Logging configured
2026-06-03 11:11:05 [INFO] watchfiles.main: 1 change detected
2026-06-03 11:11:06 [INFO] watchfiles.main: 1 change detected
2026-06-03 11:11:07 [INFO] watchfiles.main: 5 changes detected
2026-06-03 11:11:07 [INFO] app: Logging configured
2026-06-03 11:11:15 [INFO] watchfiles.main: 1 change detected
2026-06-03 11:11:16 [INFO] watchfiles.main: 1 change detected
2026-06-03 11:11:17 [INFO] watchfiles.main: 5 changes detected
2026-06-03 11:11:18 [INFO] app: Logging configured
2026-06-03 11:11:26 [INFO] watchfiles.main: 1 change detected
2026-06-03 11:11:27 [INFO] watchfiles.main: 1 change detected
2026-06-03 11:11:28 [INFO] watchfiles.main: 5 changes detected
2026-06-03 11:11:28 [INFO] app: Logging configured
2026-06-03 11:11:34 [INFO] watchfiles.main: 1 change detected
2026-06-03 11:11:36 [INFO] watchfiles.main: 1 change detected
2026-06-03 11:11:37 [INFO] watchfiles.main: 5 changes detected
2026-06-03 11:11:37 [INFO] app: Logging configured
2026-06-03 11:12:27 [INFO] watchfiles.main: 5 changes detected
2026-06-03 11:12:33 [INFO] watchfiles.main: 5 changes detected
2026-06-03 11:13:20 [INFO] watchfiles.main: 5 changes detected
2026-06-03 11:33:32 [INFO] app: Logging configured
2026-06-03 11:47:03 [INFO] app: Logging configured
2026-06-03 11:47:08 [INFO] app: Logging configured
2026-06-03 11:47:52 [INFO] app.middleware: OPTIONS /api/v1/auth/register 200 0.00ms
2026-06-03 11:52:19 [INFO] watchfiles.main: 1 change detected
2026-06-03 12:21:13 [INFO] app: Logging configured
2026-06-03 12:21:39 [INFO] app: Logging configured
2026-06-03 12:22:06 [INFO] app: Logging configured
2026-06-03 12:22:48 [INFO] app: Logging configured
2026-06-03 12:24:02 [INFO] app.middleware: OPTIONS /api/v1/auth/register 400 3.87ms
2026-06-03 12:24:02 [WARNING] app.monitoring: request_error /api/v1/auth/register -> 400 | Client or server error
2026-06-03 12:26:02 [INFO] app: Logging configured
2026-06-03 12:26:12 [INFO] app.middleware: OPTIONS /api/v1/auth/register 400 14.15ms
2026-06-03 12:26:12 [WARNING] app.monitoring: request_error /api/v1/auth/register -> 400 | Client or server error
2026-06-03 12:27:36 [INFO] app: Logging configured
2026-06-03 12:27:54 [INFO] app: Logging configured
2026-06-03 12:28:44 [INFO] app.middleware: OPTIONS /api/v1/auth/register 200 0.00ms
2026-06-03 12:30:10 [INFO] app: Logging configured
2026-06-03 12:34:13 [INFO] app: Logging configured
2026-06-03 12:35:04 [INFO] app: Logging configured
2026-06-03 12:36:24 [INFO] app: Logging configured
2026-06-03 12:36:27 [INFO] app: Logging configured
2026-06-03 12:36:58 [INFO] app: Logging configured
2026-06-03 12:37:29 [INFO] app: Logging configured
2026-06-03 12:37:32 [INFO] app: Logging configured
2026-06-03 12:37:44 [INFO] app: Logging configured
2026-06-03 12:38:48 [INFO] app: Logging configured
2026-06-03 12:39:34 [INFO] app.middleware: GET /helath 404 23.12ms
2026-06-03 12:39:34 [WARNING] app.monitoring: request_error /helath -> 404 | Client or server error
2026-06-03 12:39:34 [INFO] app.middleware: GET /favicon.ico 404 1.03ms
2026-06-03 12:39:34 [WARNING] app.monitoring: request_error /favicon.ico -> 404 | Client or server error
2026-06-03 12:39:45 [INFO] app.middleware: GET /docs 200 10.89ms
2026-06-03 12:39:46 [INFO] app.middleware: GET /api/v1/openapi.json 200 571.23ms
2026-06-03 12:45:47 [INFO] app: Logging configured
2026-06-03 12:54:19 [INFO] app: Logging configured
2026-06-03 12:54:49 [INFO] app: Logging configured
2026-06-03 12:57:15 [INFO] app: Logging configured
2026-06-03 12:57:29 [INFO] app: Logging configured
2026-06-03 12:58:10 [INFO] app.middleware: OPTIONS /api/v1/auth/register 200 2.56ms
2026-06-03 12:58:10 [INFO] app.notifications: Email not configured, skipping send to hrishi@gmail.com: Welcome to QuickBites!
2026-06-03 12:58:10 [INFO] app.middleware: POST /api/v1/auth/register 201 197.29ms
2026-06-03 12:58:30 [INFO] app.middleware: POST /api/v1/auth/login 200 105.38ms
2026-06-03 12:58:30 [INFO] app.middleware: OPTIONS /api/v1/auth/me 200 0.00ms
2026-06-03 12:58:30 [INFO] app.middleware: GET /api/v1/auth/me 200 11.36ms
2026-06-03 12:59:10 [INFO] app.middleware: OPTIONS /api/v1/users/settings 200 0.99ms
2026-06-03 12:59:10 [INFO] app.middleware: OPTIONS /api/v1/users/settings 200 5.00ms
2026-06-03 12:59:11 [INFO] app.middleware: GET /api/v1/users/settings 200 11.88ms
2026-06-03 12:59:11 [INFO] app.middleware: GET /api/v1/users/settings 200 7.33ms
2026-06-03 12:59:29 [INFO] app.middleware: OPTIONS /api/v1/restaurants 200 0.00ms
2026-06-03 12:59:29 [INFO] app.middleware: OPTIONS /api/v1/restaurants 200 2.55ms
2026-06-03 12:59:29 [INFO] app.middleware: GET /api/v1/restaurants 200 53.49ms
2026-06-03 12:59:29 [INFO] app.middleware: GET /api/v1/restaurants 200 3.91ms
2026-06-03 12:59:35 [INFO] app.middleware: OPTIONS /api/v1/auth/logout 200 0.00ms
2026-06-03 12:59:36 [INFO] app.middleware: POST /api/v1/auth/logout 200 33.30ms
2026-06-03 13:00:03 [INFO] app.notifications: Email not configured, skipping send to komban@gmail.com: Welcome to QuickBites!
2026-06-03 13:00:03 [INFO] app.middleware: POST /api/v1/auth/register 201 57.68ms
2026-06-03 13:00:03 [INFO] app.middleware: POST /api/v1/auth/register 400 13.17ms
2026-06-03 13:00:03 [WARNING] app.monitoring: request_error /api/v1/auth/register -> 400 | Client or server error
2026-06-03 13:00:09 [INFO] app.middleware: POST /api/v1/auth/register 400 7.62ms
2026-06-03 13:00:09 [WARNING] app.monitoring: request_error /api/v1/auth/register -> 400 | Client or server error
2026-06-03 13:00:17 [INFO] app.middleware: POST /api/v1/auth/register 400 9.75ms
2026-06-03 13:00:17 [WARNING] app.monitoring: request_error /api/v1/auth/register -> 400 | Client or server error
2026-06-03 13:00:56 [INFO] app.middleware: POST /api/v1/auth/login 200 50.08ms
2026-06-03 13:01:14 [INFO] app.middleware: POST /api/v1/auth/login 401 15.76ms
2026-06-03 13:01:14 [WARNING] app.monitoring: request_error /api/v1/auth/login -> 401 | Client or server error
2026-06-03 13:01:40 [INFO] app.middleware: POST /api/v1/auth/register 400 6.05ms
2026-06-03 13:01:40 [WARNING] app.monitoring: request_error /api/v1/auth/register -> 400 | Client or server error
2026-06-03 13:01:52 [INFO] app.notifications: Email not configured, skipping send to kombesh@gmail.com: Welcome to QuickBites!
2026-06-03 13:01:52 [INFO] app.middleware: POST /api/v1/auth/register 201 36.70ms
2026-06-03 13:02:14 [INFO] app.middleware: POST /api/v1/auth/login 200 41.69ms
2026-06-03 13:02:14 [INFO] app.middleware: GET /api/v1/auth/me 200 4.34ms
2026-06-03 13:02:24 [INFO] app.middleware: GET /api/v1/restaurants 200 5.13ms
2026-06-03 13:02:24 [INFO] app.middleware: GET /api/v1/restaurants 200 12.39ms
2026-06-03 14:12:43 [INFO] app: Logging configured
2026-06-03 14:14:04 [INFO] app.middleware: POST /api/v1/auth/login 401 802.71ms
2026-06-03 14:14:04 [WARNING] app.monitoring: request_error /api/v1/auth/login -> 401 | Client or server error
2026-06-03 14:18:31 [INFO] app: Logging configured
2026-06-03 14:20:19 [INFO] app.middleware: POST /api/v1/auth/login 401 217.78ms
2026-06-03 14:20:19 [WARNING] app.monitoring: request_error /api/v1/auth/login -> 401 | Client or server error
